2023-03-04T18:24:27.728157Z 0 [Warning] InnoDB: New log files created, LSN=45790
2023-03-04T18:24:27.971788Z 0 [Warning] InnoDB: Creating foreign key constraint system tables.
2023-03-04T18:24:28.081954Z 0 [Warning] No existing UUID has been found, so we assume that this is the first time that this server has been started. Generating a new UUID: cc7d16b6-bab9-11ed-b6b0-0242ac320065.
2023-03-04T18:24:28.090257Z 0 [Warning] Gtid table is not ready to be used. Table 'mysql.gtid_executed' cannot be opened.
2023-03-04T18:24:28.331297Z 0 [Warning] CA certificate ca.pem is self signed.
2023-03-04T18:24:28.403326Z 1 [Warning] root@localhost is created with an empty password ! Please consider switching off the --initialize-insecure option.
2023-03-04T18:24:43.141871Z 0 [Note] mysqld (mysqld 5.7.33-log) starting as process 51 ...
2023-03-04T18:24:43.170760Z 0 [Note] InnoDB: PUNCH HOLE support available
2023-03-04T18:24:43.171588Z 0 [Note] InnoDB: Mutexes and rw_locks use GCC atomic builtins
2023-03-04T18:24:43.172765Z 0 [Note] InnoDB: Uses event mutexes
2023-03-04T18:24:43.173929Z 0 [Note] InnoDB: GCC builtin __atomic_thread_fence() is used for memory barrier
2023-03-04T18:24:43.174649Z 0 [Note] InnoDB: Compressed tables use zlib 1.2.11
2023-03-04T18:24:43.175298Z 0 [Note] InnoDB: Using Linux native AIO
2023-03-04T18:24:43.176244Z 0 [Note] InnoDB: Number of pools: 1
2023-03-04T18:24:43.176930Z 0 [Note] InnoDB: Using CPU crc32 instructions
2023-03-04T18:24:43.180212Z 0 [Note] InnoDB: Initializing buffer pool, total size = 128M, instances = 1, chunk size = 128M
2023-03-04T18:24:43.191982Z 0 [Note] InnoDB: Completed initialization of buffer pool
2023-03-04T18:24:43.194978Z 0 [Note] InnoDB: If the mysqld execution user is authorized, page cleaner thread priority can be changed. See the man page of setpriority().
2023-03-04T18:24:43.253654Z 0 [Note] InnoDB: Highest supported file format is Barracuda.
2023-03-04T18:24:43.390168Z 0 [Note] InnoDB: Creating shared tablespace for temporary tables
2023-03-04T18:24:43.394642Z 0 [Note] InnoDB: Setting file './ibtmp1' size to 12 MB. Physically writing the file full; Please wait ...
2023-03-04T18:24:43.469242Z 0 [Note] InnoDB: File './ibtmp1' size is now 12 MB.
2023-03-04T18:24:43.476423Z 0 [Note] InnoDB: 96 redo rollback segment(s) found. 96 redo rollback segment(s) are active.
2023-03-04T18:24:43.477116Z 0 [Note] InnoDB: 32 non-redo rollback segment(s) are active.
2023-03-04T18:24:43.478725Z 0 [Note] InnoDB: Waiting for purge to start
2023-03-04T18:24:43.530019Z 0 [Note] InnoDB: 5.7.33 started; log sequence number 2747547
2023-03-04T18:24:43.531990Z 0 [Note] InnoDB: Loading buffer pool(s) from /var/lib/mysql/ib_buffer_pool
2023-03-04T18:24:43.532223Z 0 [Note] Plugin 'FEDERATED' is disabled.
2023-03-04T18:24:43.591043Z 0 [Note] InnoDB: Buffer pool(s) load completed at 230305  2:24:43
2023-03-04T18:24:43.634685Z 0 [Note] Found ca.pem, server-cert.pem and server-key.pem in data directory. Trying to enable SSL support using them.
2023-03-04T18:24:43.635500Z 0 [Note] Skipping generation of SSL certificates as certificate files are present in data directory.
2023-03-04T18:24:43.640138Z 0 [Warning] CA certificate ca.pem is self signed.
2023-03-04T18:24:43.640815Z 0 [Note] Skipping generation of RSA key pair as key files are present in data directory.
2023-03-04T18:24:43.839988Z 0 [Note] Failed to start slave threads for channel ''
2023-03-04T18:24:44.134790Z 0 [Note] Event Scheduler: Loaded 0 events
2023-03-04T18:24:44.136987Z 0 [Note] mysqld: ready for connections.
Version: '5.7.33-log'  socket: '/var/lib/mysql/mysql.sock'  port: 0  MySQL Community Server (GPL)
2023-03-04T18:24:56.632151Z 0 [Note] Giving 0 client threads a chance to die gracefully
2023-03-04T18:24:56.632725Z 0 [Note] Shutting down slave threads
2023-03-04T18:24:56.633338Z 0 [Note] Forcefully disconnecting 0 remaining clients
2023-03-04T18:24:56.633939Z 0 [Note] Event Scheduler: Purging the queue. 0 events
2023-03-04T18:24:56.634563Z 0 [Note] Binlog end
2023-03-04T18:24:56.640351Z 0 [Note] Shutting down plugin 'ngram'
2023-03-04T18:24:56.640985Z 0 [Note] Shutting down plugin 'partition'
2023-03-04T18:24:56.642462Z 0 [Note] Shutting down plugin 'BLACKHOLE'
2023-03-04T18:24:56.643113Z 0 [Note] Shutting down plugin 'ARCHIVE'
2023-03-04T18:24:56.644079Z 0 [Note] Shutting down plugin 'PERFORMANCE_SCHEMA'
2023-03-04T18:24:56.644780Z 0 [Note] Shutting down plugin 'MRG_MYISAM'
2023-03-04T18:24:56.645467Z 0 [Note] Shutting down plugin 'MyISAM'
2023-03-04T18:24:56.646108Z 0 [Note] Shutting down plugin 'INNODB_SYS_VIRTUAL'
2023-03-04T18:24:56.646722Z 0 [Note] Shutting down plugin 'INNODB_SYS_DATAFILES'
2023-03-04T18:24:56.647324Z 0 [Note] Shutting down plugin 'INNODB_SYS_TABLESPACES'
2023-03-04T18:24:56.647936Z 0 [Note] Shutting down plugin 'INNODB_SYS_FOREIGN_COLS'
2023-03-04T18:24:56.648633Z 0 [Note] Shutting down plugin 'INNODB_SYS_FOREIGN'
2023-03-04T18:24:56.649228Z 0 [Note] Shutting down plugin 'INNODB_SYS_FIELDS'
2023-03-04T18:24:56.649767Z 0 [Note] Shutting down plugin 'INNODB_SYS_COLUMNS'
2023-03-04T18:24:56.650340Z 0 [Note] Shutting down plugin 'INNODB_SYS_INDEXES'
2023-03-04T18:24:56.650908Z 0 [Note] Shutting down plugin 'INNODB_SYS_TABLESTATS'
2023-03-04T18:24:56.651499Z 0 [Note] Shutting down plugin 'INNODB_SYS_TABLES'
2023-03-04T18:24:56.652078Z 0 [Note] Shutting down plugin 'INNODB_FT_INDEX_TABLE'
2023-03-04T18:24:56.652719Z 0 [Note] Shutting down plugin 'INNODB_FT_INDEX_CACHE'
2023-03-04T18:24:56.653308Z 0 [Note] Shutting down plugin 'INNODB_FT_CONFIG'
2023-03-04T18:24:56.653946Z 0 [Note] Shutting down plugin 'INNODB_FT_BEING_DELETED'
2023-03-04T18:24:56.654492Z 0 [Note] Shutting down plugin 'INNODB_FT_DELETED'
2023-03-04T18:24:56.655048Z 0 [Note] Shutting down plugin 'INNODB_FT_DEFAULT_STOPWORD'
2023-03-04T18:24:56.655693Z 0 [Note] Shutting down plugin 'INNODB_METRICS'
2023-03-04T18:24:56.656319Z 0 [Note] Shutting down plugin 'INNODB_TEMP_TABLE_INFO'
2023-03-04T18:24:56.657193Z 0 [Note] Shutting down plugin 'INNODB_BUFFER_POOL_STATS'
2023-03-04T18:24:56.658193Z 0 [Note] Shutting down plugin 'INNODB_BUFFER_PAGE_LRU'
2023-03-04T18:24:56.659489Z 0 [Note] Shutting down plugin 'INNODB_BUFFER_PAGE'
2023-03-04T18:24:56.660746Z 0 [Note] Shutting down plugin 'INNODB_CMP_PER_INDEX_RESET'
2023-03-04T18:24:56.661901Z 0 [Note] Shutting down plugin 'INNODB_CMP_PER_INDEX'
2023-03-04T18:24:56.663067Z 0 [Note] Shutting down plugin 'INNODB_CMPMEM_RESET'
2023-03-04T18:24:56.663837Z 0 [Note] Shutting down plugin 'INNODB_CMPMEM'
2023-03-04T18:24:56.664666Z 0 [Note] Shutting down plugin 'INNODB_CMP_RESET'
2023-03-04T18:24:56.665327Z 0 [Note] Shutting down plugin 'INNODB_CMP'
2023-03-04T18:24:56.666083Z 0 [Note] Shutting down plugin 'INNODB_LOCK_WAITS'
2023-03-04T18:24:56.666946Z 0 [Note] Shutting down plugin 'INNODB_LOCKS'
2023-03-04T18:24:56.667546Z 0 [Note] Shutting down plugin 'INNODB_TRX'
2023-03-04T18:24:56.668267Z 0 [Note] Shutting down plugin 'InnoDB'
2023-03-04T18:24:56.669596Z 0 [Note] InnoDB: FTS optimize thread exiting.
2023-03-04T18:24:56.670516Z 0 [Note] InnoDB: Starting shutdown...
2023-03-04T18:24:56.773847Z 0 [Note] InnoDB: Dumping buffer pool(s) to /var/lib/mysql/ib_buffer_pool
2023-03-04T18:24:56.782670Z 0 [Note] InnoDB: Buffer pool(s) dump completed at 230305  2:24:56
2023-03-04T18:24:58.498218Z 0 [Note] InnoDB: Shutdown completed; log sequence number 12120475
2023-03-04T18:24:58.501872Z 0 [Note] InnoDB: Removed temporary tablespace data file: "ibtmp1"
2023-03-04T18:24:58.505977Z 0 [Note] Shutting down plugin 'MEMORY'
2023-03-04T18:24:58.507369Z 0 [Note] Shutting down plugin 'CSV'
2023-03-04T18:24:58.509675Z 0 [Note] Shutting down plugin 'sha256_password'
2023-03-04T18:24:58.511620Z 0 [Note] Shutting down plugin 'mysql_native_password'
2023-03-04T18:24:58.512819Z 0 [Note] Shutting down plugin 'binlog'
2023-03-04T18:24:58.525909Z 0 [Note] mysqld: Shutdown complete

2023-03-04T18:24:59.749566Z 0 [Note] mysqld (mysqld 5.7.33-log) starting as process 1 ...
2023-03-04T18:24:59.790673Z 0 [Note] InnoDB: PUNCH HOLE support available
2023-03-04T18:24:59.791677Z 0 [Note] InnoDB: Mutexes and rw_locks use GCC atomic builtins
2023-03-04T18:24:59.792523Z 0 [Note] InnoDB: Uses event mutexes
2023-03-04T18:24:59.794172Z 0 [Note] InnoDB: GCC builtin __atomic_thread_fence() is used for memory barrier
2023-03-04T18:24:59.795041Z 0 [Note] InnoDB: Compressed tables use zlib 1.2.11
2023-03-04T18:24:59.795844Z 0 [Note] InnoDB: Using Linux native AIO
2023-03-04T18:24:59.797362Z 0 [Note] InnoDB: Number of pools: 1
2023-03-04T18:24:59.799058Z 0 [Note] InnoDB: Using CPU crc32 instructions
2023-03-04T18:24:59.802572Z 0 [Note] InnoDB: Initializing buffer pool, total size = 128M, instances = 1, chunk size = 128M
2023-03-04T18:24:59.817730Z 0 [Note] InnoDB: Completed initialization of buffer pool
2023-03-04T18:24:59.821535Z 0 [Note] InnoDB: If the mysqld execution user is authorized, page cleaner thread priority can be changed. See the man page of setpriority().
2023-03-04T18:24:59.878317Z 0 [Note] InnoDB: Highest supported file format is Barracuda.
2023-03-04T18:25:00.001591Z 0 [Note] InnoDB: Creating shared tablespace for temporary tables
2023-03-04T18:25:00.012864Z 0 [Note] InnoDB: Setting file './ibtmp1' size to 12 MB. Physically writing the file full; Please wait ...
2023-03-04T18:25:00.105736Z 0 [Note] InnoDB: File './ibtmp1' size is now 12 MB.
2023-03-04T18:25:00.117198Z 0 [Note] InnoDB: 96 redo rollback segment(s) found. 96 redo rollback segment(s) are active.
2023-03-04T18:25:00.118511Z 0 [Note] InnoDB: 32 non-redo rollback segment(s) are active.
2023-03-04T18:25:00.120320Z 0 [Note] InnoDB: Waiting for purge to start
2023-03-04T18:25:00.172248Z 0 [Note] InnoDB: 5.7.33 started; log sequence number 12120475
2023-03-04T18:25:00.174764Z 0 [Note] InnoDB: Loading buffer pool(s) from /var/lib/mysql/ib_buffer_pool
2023-03-04T18:25:00.175161Z 0 [Note] Plugin 'FEDERATED' is disabled.
2023-03-04T18:25:00.269092Z 0 [Note] InnoDB: Buffer pool(s) load completed at 230305  2:25:00
2023-03-04T18:25:00.301864Z 0 [Note] Found ca.pem, server-cert.pem and server-key.pem in data directory. Trying to enable SSL support using them.
2023-03-04T18:25:00.303117Z 0 [Note] Skipping generation of SSL certificates as certificate files are present in data directory.
2023-03-04T18:25:00.313093Z 0 [Warning] CA certificate ca.pem is self signed.
2023-03-04T18:25:00.314419Z 0 [Note] Skipping generation of RSA key pair as key files are present in data directory.
2023-03-04T18:25:00.317173Z 0 [Note] Server hostname (bind-address): '*'; port: 3306
2023-03-04T18:25:00.317720Z 0 [Note] IPv6 is available.
2023-03-04T18:25:00.318571Z 0 [Note]   - '::' resolves to '::';
2023-03-04T18:25:00.320480Z 0 [Note] Server socket created on IP: '::'.
2023-03-04T18:25:00.449096Z 0 [Note] Failed to start slave threads for channel ''
2023-03-04T18:25:00.632730Z 0 [Note] Event Scheduler: Loaded 0 events
2023-03-04T18:25:00.634129Z 0 [Note] mysqld: ready for connections.
Version: '5.7.33-log'  socket: '/var/lib/mysql/mysql.sock'  port: 3306  MySQL Community Server (GPL)
2023-03-04T20:44:40.993691Z 0 [Note] InnoDB: page_cleaner: 1000ms intended loop took 34023ms. The settings might not be optimal. (flushed=0 and evicted=0, during the time.)
2023-03-04T22:13:15.308980Z 0 [Note] InnoDB: page_cleaner: 1000ms intended loop took 6660ms. The settings might not be optimal. (flushed=0 and evicted=0, during the time.)
2023-03-05T05:26:42.593914Z 0 [Note] Giving 1 client threads a chance to die gracefully
2023-03-05T05:26:42.595255Z 0 [Note] Shutting down slave threads
2023-03-05T05:26:44.563850Z 0 [Note] Forcefully disconnecting 1 remaining clients
2023-03-05T05:26:44.566427Z 0 [Warning] mysqld: Forcing close of thread 199  user: 'zhangrj'

2023-03-05T05:26:44.568374Z 0 [Note] Event Scheduler: Purging the queue. 0 events
2023-03-05T05:26:44.570727Z 0 [Note] Binlog end
2023-03-05T05:26:44.860115Z 0 [Note] Shutting down plugin 'ngram'
2023-03-05T05:26:44.861071Z 0 [Note] Shutting down plugin 'partition'
2023-03-05T05:26:44.861750Z 0 [Note] Shutting down plugin 'BLACKHOLE'
2023-03-05T05:26:44.862393Z 0 [Note] Shutting down plugin 'ARCHIVE'
2023-03-05T05:26:44.863138Z 0 [Note] Shutting down plugin 'PERFORMANCE_SCHEMA'
2023-03-05T05:26:44.864239Z 0 [Note] Shutting down plugin 'MRG_MYISAM'
2023-03-05T05:26:44.866737Z 0 [Note] Shutting down plugin 'MyISAM'
2023-03-05T05:26:44.867820Z 0 [Note] Shutting down plugin 'INNODB_SYS_VIRTUAL'
2023-03-05T05:26:44.868796Z 0 [Note] Shutting down plugin 'INNODB_SYS_DATAFILES'
2023-03-05T05:26:44.869645Z 0 [Note] Shutting down plugin 'INNODB_SYS_TABLESPACES'
2023-03-05T05:26:44.890782Z 0 [Note] Shutting down plugin 'INNODB_SYS_FOREIGN_COLS'
2023-03-05T05:26:44.892427Z 0 [Note] Shutting down plugin 'INNODB_SYS_FOREIGN'
2023-03-05T05:26:44.893709Z 0 [Note] Shutting down plugin 'INNODB_SYS_FIELDS'
2023-03-05T05:26:44.895126Z 0 [Note] Shutting down plugin 'INNODB_SYS_COLUMNS'
2023-03-05T05:26:44.896115Z 0 [Note] Shutting down plugin 'INNODB_SYS_INDEXES'
2023-03-05T05:26:44.897426Z 0 [Note] Shutting down plugin 'INNODB_SYS_TABLESTATS'
2023-03-05T05:26:44.898623Z 0 [Note] Shutting down plugin 'INNODB_SYS_TABLES'
2023-03-05T05:26:44.899656Z 0 [Note] Shutting down plugin 'INNODB_FT_INDEX_TABLE'
2023-03-05T05:26:44.900499Z 0 [Note] Shutting down plugin 'INNODB_FT_INDEX_CACHE'
2023-03-05T05:26:44.901195Z 0 [Note] Shutting down plugin 'INNODB_FT_CONFIG'
2023-03-05T05:26:44.902024Z 0 [Note] Shutting down plugin 'INNODB_FT_BEING_DELETED'
2023-03-05T05:26:44.902993Z 0 [Note] Shutting down plugin 'INNODB_FT_DELETED'
2023-03-05T05:26:44.904041Z 0 [Note] Shutting down plugin 'INNODB_FT_DEFAULT_STOPWORD'
2023-03-05T05:26:44.905117Z 0 [Note] Shutting down plugin 'INNODB_METRICS'
2023-03-05T05:26:44.906231Z 0 [Note] Shutting down plugin 'INNODB_TEMP_TABLE_INFO'
2023-03-05T05:26:44.907500Z 0 [Note] Shutting down plugin 'INNODB_BUFFER_POOL_STATS'
2023-03-05T05:26:44.908438Z 0 [Note] Shutting down plugin 'INNODB_BUFFER_PAGE_LRU'
2023-03-05T05:26:44.909618Z 0 [Note] Shutting down plugin 'INNODB_BUFFER_PAGE'
2023-03-05T05:26:44.910549Z 0 [Note] Shutting down plugin 'INNODB_CMP_PER_INDEX_RESET'
2023-03-05T05:26:44.911401Z 0 [Note] Shutting down plugin 'INNODB_CMP_PER_INDEX'
2023-03-05T05:26:44.913174Z 0 [Note] Shutting down plugin 'INNODB_CMPMEM_RESET'
2023-03-05T05:26:44.914344Z 0 [Note] Shutting down plugin 'INNODB_CMPMEM'
2023-03-05T05:26:44.915313Z 0 [Note] Shutting down plugin 'INNODB_CMP_RESET'
2023-03-05T05:26:44.916295Z 0 [Note] Shutting down plugin 'INNODB_CMP'
2023-03-05T05:26:44.917530Z 0 [Note] Shutting down plugin 'INNODB_LOCK_WAITS'
2023-03-05T05:26:44.918679Z 0 [Note] Shutting down plugin 'INNODB_LOCKS'
2023-03-05T05:26:44.919543Z 0 [Note] Shutting down plugin 'INNODB_TRX'
2023-03-05T05:26:44.920635Z 0 [Note] Shutting down plugin 'InnoDB'
2023-03-05T05:26:44.921811Z 0 [Note] InnoDB: FTS optimize thread exiting.
2023-03-05T05:26:44.923372Z 0 [Note] InnoDB: Starting shutdown...
2023-03-05T05:26:45.031512Z 0 [Note] InnoDB: Dumping buffer pool(s) to /var/lib/mysql/ib_buffer_pool
2023-03-05T05:26:45.043414Z 0 [Note] InnoDB: Buffer pool(s) dump completed at 230305 13:26:45
2023-03-05T05:26:46.732926Z 0 [Note] InnoDB: Shutdown completed; log sequence number 12151774
2023-03-05T05:26:46.739767Z 0 [Note] InnoDB: Removed temporary tablespace data file: "ibtmp1"
2023-03-05T05:26:46.740537Z 0 [Note] Shutting down plugin 'MEMORY'
2023-03-05T05:26:46.741231Z 0 [Note] Shutting down plugin 'CSV'
2023-03-05T05:26:46.741875Z 0 [Note] Shutting down plugin 'sha256_password'
2023-03-05T05:26:46.742598Z 0 [Note] Shutting down plugin 'mysql_native_password'
2023-03-05T05:26:46.743323Z 0 [Note] Shutting down plugin 'binlog'
2023-03-05T05:26:46.794840Z 0 [Note] mysqld: Shutdown complete

